<?xml version="1.0" encoding="utf-8"?><testsuites name="pytest tests"><testsuite name="pytest" errors="0" failures="0" skipped="0" tests="17" time="42.811" timestamp="2026-06-07T15:12:52.567541+00:00" hostname="agent-env-410b889e-00f3-4d98-a51b-2bfa139f4028"><testcase classname="tests.test_rated_worktops" name="test_health" time="0.197" /><testcase classname="tests.test_rated_worktops" name="test_admin_login" time="0.288" /><testcase classname="tests.test_rated_worktops" name="test_register_returns_credits" time="0.277" /><testcase classname="tests.test_rated_worktops" name="test_login_after_register" time="0.279" /><testcase classname="tests.test_rated_worktops" name="test_login_invalid" time="0.048" /><testcase classname="tests.test_rated_worktops" name="test_me" time="0.055" /><testcase classname="tests.test_rated_worktops" name="test_me_unauthed" time="0.053" /><testcase classname="tests.test_rated_worktops" name="test_list_stones" time="0.060" /><testcase classname="tests.test_rated_worktops" name="test_add_custom_stone" time="0.109" /><testcase classname="tests.test_rated_worktops" name="test_credits_endpoint" time="0.052" /><testcase classname="tests.test_rated_worktops" name="test_purchase_credits_starter" time="0.076" /><testcase classname="tests.test_rated_worktops" name="test_purchase_invalid_pack" time="0.056" /><testcase classname="tests.test_rated_worktops" name="test_purchase_invalid_method" time="0.065" /><testcase classname="tests.test_rated_worktops" name="test_visualize_core" time="10.103" /><testcase classname="tests.test_rated_worktops" name="test_visualizations_list" time="0.058" /><testcase classname="tests.test_rated_worktops" name="test_visualize_no_credits" time="30.905" /><testcase classname="tests.test_rated_worktops" name="test_visualize_stone_not_found" time="0.060" /></testsuite></testsuites>