<?xml version="1.0" encoding="utf-8"?><testsuites name="pytest tests"><testsuite name="pytest" errors="0" failures="0" skipped="0" tests="19" time="16.822" timestamp="2026-06-07T14:45:24.881943+00:00" hostname="agent-env-410b889e-00f3-4d98-a51b-2bfa139f4028"><testcase classname="backend.tests.test_iteration2" name="test_public_stones_returns_all_active" time="0.237" /><testcase classname="backend.tests.test_iteration2" name="test_admin_can_set_featured" time="0.336" /><testcase classname="backend.tests.test_iteration2" name="test_non_admin_cannot_patch_stone" time="0.306" /><testcase classname="backend.tests.test_iteration2" name="test_public_stones_featured_only" time="0.165" /><testcase classname="backend.tests.test_iteration2" name="test_admin_can_unset_featured" time="0.166" /><testcase classname="backend.tests.test_iteration2" name="test_public_render_returns_200_no_auth" time="13.833" /><testcase classname="backend.tests.test_iteration2" name="test_public_render_returns_404_bogus" time="0.048" /><testcase classname="backend.tests.test_iteration2" name="test_create_quote_no_auth" time="0.044" /><testcase classname="backend.tests.test_iteration2" name="test_quote_with_visualization_pulls_stone" time="0.391" /><testcase classname="backend.tests.test_iteration2" name="test_admin_list_quotes" time="0.082" /><testcase classname="backend.tests.test_iteration2" name="test_admin_quotes_status_filter" time="0.050" /><testcase classname="backend.tests.test_iteration2" name="test_non_admin_cannot_list_quotes" time="0.081" /><testcase classname="backend.tests.test_iteration2" name="test_admin_patch_quote_status" time="0.089" /><testcase classname="backend.tests.test_iteration2" name="test_admin_patch_quote_invalid_status" time="0.043" /><testcase classname="backend.tests.test_iteration2" name="test_admin_delete_quote" time="0.246" /><testcase classname="backend.tests.test_iteration2" name="test_google_auth_bogus_session" time="0.166" /><testcase classname="backend.tests.test_iteration2" name="test_google_auth_missing_session" time="0.081" /><testcase classname="backend.tests.test_iteration2" name="test_purchase_paypal_succeeds" time="0.083" /><testcase classname="backend.tests.test_iteration2" name="test_purchase_stripe_returns_400" time="0.083" /></testsuite></testsuites>