<?xml version="1.0" encoding="utf-8"?><testsuites name="pytest tests"><testsuite name="pytest" errors="0" failures="1" skipped="0" tests="54" time="50.289" timestamp="2026-06-07T15:01:41.437279+00:00" hostname="agent-env-410b889e-00f3-4d98-a51b-2bfa139f4028"><testcase classname="test_rated_worktops" name="test_health" time="2.376" /><testcase classname="test_rated_worktops" name="test_admin_login" time="0.275" /><testcase classname="test_rated_worktops" name="test_register_returns_credits" time="0.284" /><testcase classname="test_rated_worktops" name="test_login_after_register" time="0.274" /><testcase classname="test_rated_worktops" name="test_login_invalid" time="0.051" /><testcase classname="test_rated_worktops" name="test_me" time="0.053" /><testcase classname="test_rated_worktops" name="test_me_unauthed" time="0.049" /><testcase classname="test_rated_worktops" name="test_list_stones" time="0.055" /><testcase classname="test_rated_worktops" name="test_add_custom_stone" time="0.105" /><testcase classname="test_rated_worktops" name="test_credits_endpoint" time="0.051" /><testcase classname="test_rated_worktops" name="test_purchase_credits_starter" time="0.055" /><testcase classname="test_rated_worktops" name="test_purchase_invalid_pack" time="0.049" /><testcase classname="test_rated_worktops" name="test_purchase_invalid_method" time="0.053" /><testcase classname="test_rated_worktops" name="test_visualize_core" time="10.726" /><testcase classname="test_rated_worktops" name="test_visualizations_list" time="0.053" /><testcase classname="test_rated_worktops" name="test_visualize_no_credits" time="10.120"><failure message="AssertionError: call 1 failed: 500 {&quot;detail&quot;:&quot;Generation failed: Failed to generate multimodal completion: litellm.BadRequestError: OpenAIException - Budget has been exceeded! Current cost: 1.4246294999999998, Max budget: 1.4&quot;}&#10;assert 500 == 200&#10; +  where 500 = &lt;Response [500]&gt;.status_code">E   AssertionError: call 1 failed: 500 {"detail":"Generation failed: Failed to generate multimodal completion: litellm.BadRequestError: OpenAIException - Budget has been exceeded! Current cost: 1.4246294999999998, Max budget: 1.4"}
    assert 500 == 200
     +  where 500 = &lt;Response [500]&gt;.status_code</failure></testcase><testcase classname="test_rated_worktops" name="test_visualize_stone_not_found" time="0.052" /><testcase classname="test_iteration2" name="test_public_stones_returns_all_active" time="0.119" /><testcase classname="test_iteration2" name="test_admin_can_set_featured" time="0.330" /><testcase classname="test_iteration2" name="test_non_admin_cannot_patch_stone" time="0.323" /><testcase classname="test_iteration2" name="test_public_stones_featured_only" time="0.095" /><testcase classname="test_iteration2" name="test_admin_can_unset_featured" time="0.101" /><testcase classname="test_iteration2" name="test_public_render_returns_200_no_auth" time="10.803" /><testcase classname="test_iteration2" name="test_public_render_returns_404_bogus" time="0.044" /><testcase classname="test_iteration2" name="test_create_quote_no_auth" time="0.045" /><testcase classname="test_iteration2" name="test_quote_with_visualization_pulls_stone" time="0.367" /><testcase classname="test_iteration2" name="test_admin_list_quotes" time="0.060" /><testcase classname="test_iteration2" name="test_admin_quotes_status_filter" time="0.046" /><testcase classname="test_iteration2" name="test_non_admin_cannot_list_quotes" time="0.044" /><testcase classname="test_iteration2" name="test_admin_patch_quote_status" time="0.047" /><testcase classname="test_iteration2" name="test_admin_patch_quote_invalid_status" time="0.047" /><testcase classname="test_iteration2" name="test_admin_delete_quote" time="0.164" /><testcase classname="test_iteration2" name="test_google_auth_bogus_session" time="0.130" /><testcase classname="test_iteration2" name="test_google_auth_missing_session" time="0.048" /><testcase classname="test_iteration2" name="test_purchase_paypal_succeeds" time="0.049" /><testcase classname="test_iteration2" name="test_purchase_stripe_returns_400" time="0.049" /><testcase classname="test_iteration3" name="test_visualize_response_uses_storage_urls" time="10.718" /><testcase classname="test_iteration3" name="test_visualize_response_has_storage_paths" time="0.000" /><testcase classname="test_iteration3" name="test_public_image_result_returns_bytes" time="0.310" /><testcase classname="test_iteration3" name="test_public_image_kitchen_returns_bytes" time="0.134" /><testcase classname="test_iteration3" name="test_public_image_invalid_kind_returns_400" time="0.058" /><testcase classname="test_iteration3" name="test_public_image_bogus_id_returns_404" time="0.069" /><testcase classname="test_iteration3" name="test_visualization_doc_is_small" time="0.009" /><testcase classname="test_iteration3" name="test_legacy_inline_image_served" time="0.122" /><testcase classname="test_iteration3" name="test_public_stone_detail_active" time="0.056" /><testcase classname="test_iteration3" name="test_public_stone_detail_bogus_returns_404" time="0.055" /><testcase classname="test_iteration3" name="test_public_stone_detail_inactive_returns_404" time="0.575" /><testcase classname="test_iteration3" name="test_regression_list_stones_auth" time="0.060" /><testcase classname="test_iteration3" name="test_regression_admin_list_stones" time="0.054" /><testcase classname="test_iteration3" name="test_regression_admin_list_quotes" time="0.063" /><testcase classname="test_iteration3" name="test_regression_quote_create_no_auth" time="0.054" /><testcase classname="test_iteration3" name="test_regression_purchase_methods[paypal]" time="0.063" /><testcase classname="test_iteration3" name="test_regression_purchase_methods[apple_pay]" time="0.061" /><testcase classname="test_iteration3" name="test_regression_purchase_methods[google_pay]" time="0.053" /></testsuite></testsuites>