<?xml version="1.0" encoding="utf-8"?><testsuites name="pytest tests"><testsuite name="pytest" errors="0" failures="0" skipped="0" tests="13" time="14.353" timestamp="2026-06-07T15:14:36.869638+00:00" hostname="agent-env-410b889e-00f3-4d98-a51b-2bfa139f4028"><testcase classname="tests.test_iteration4" name="test_health_still_200" time="0.217" /><testcase classname="tests.test_iteration4" name="test_new_viz_published_true_in_response" time="12.816" /><testcase classname="tests.test_iteration4" name="test_new_viz_published_true_in_mongo" time="0.008" /><testcase classname="tests.test_iteration4" name="test_patch_bogus_id_returns_404" time="0.048" /><testcase classname="tests.test_iteration4" name="test_patch_empty_body_returns_400" time="0.045" /><testcase classname="tests.test_iteration4" name="test_patch_other_user_returns_404" time="0.314" /><testcase classname="tests.test_iteration4" name="test_patch_unpublish_as_owner" time="0.042" /><testcase classname="tests.test_iteration4" name="test_showroom_excludes_unpublished" time="0.046" /><testcase classname="tests.test_iteration4" name="test_patch_republish_as_owner" time="0.044" /><testcase classname="tests.test_iteration4" name="test_showroom_includes_republished" time="0.049" /><testcase classname="tests.test_iteration4" name="test_showroom_cap_is_8" time="0.044" /><testcase classname="tests.test_iteration4" name="test_showroom_empty_safe_for_stone_with_no_renders" time="0.475" /><testcase classname="tests.test_iteration4" name="test_patch_requires_auth" time="0.040" /></testsuite></testsuites>