<?xml version="1.0" encoding="utf-8"?><testsuites name="pytest tests"><testsuite name="pytest" errors="0" failures="0" skipped="0" tests="37" time="27.813" timestamp="2026-06-07T15:12:19.902369+00:00" hostname="agent-env-410b889e-00f3-4d98-a51b-2bfa139f4028"><testcase classname="tests.test_iteration2" name="test_public_stones_returns_all_active" time="0.150" /><testcase classname="tests.test_iteration2" name="test_admin_can_set_featured" time="0.345" /><testcase classname="tests.test_iteration2" name="test_non_admin_cannot_patch_stone" time="0.317" /><testcase classname="tests.test_iteration2" name="test_public_stones_featured_only" time="0.091" /><testcase classname="tests.test_iteration2" name="test_admin_can_unset_featured" time="0.101" /><testcase classname="tests.test_iteration2" name="test_public_render_returns_200_no_auth" time="12.610" /><testcase classname="tests.test_iteration2" name="test_public_render_returns_404_bogus" time="0.045" /><testcase classname="tests.test_iteration2" name="test_create_quote_no_auth" time="0.048" /><testcase classname="tests.test_iteration2" name="test_quote_with_visualization_pulls_stone" time="0.378" /><testcase classname="tests.test_iteration2" name="test_admin_list_quotes" time="0.046" /><testcase classname="tests.test_iteration2" name="test_admin_quotes_status_filter" time="0.048" /><testcase classname="tests.test_iteration2" name="test_non_admin_cannot_list_quotes" time="0.055" /><testcase classname="tests.test_iteration2" name="test_admin_patch_quote_status" time="0.047" /><testcase classname="tests.test_iteration2" name="test_admin_patch_quote_invalid_status" time="0.044" /><testcase classname="tests.test_iteration2" name="test_admin_delete_quote" time="0.141" /><testcase classname="tests.test_iteration2" name="test_google_auth_bogus_session" time="0.128" /><testcase classname="tests.test_iteration2" name="test_google_auth_missing_session" time="0.044" /><testcase classname="tests.test_iteration2" name="test_purchase_paypal_succeeds" time="0.051" /><testcase classname="tests.test_iteration2" name="test_purchase_stripe_returns_400" time="0.069" /><testcase classname="tests.test_iteration3" name="test_visualize_response_uses_storage_urls" time="11.103" /><testcase classname="tests.test_iteration3" name="test_visualize_response_has_storage_paths" time="0.000" /><testcase classname="tests.test_iteration3" name="test_public_image_result_returns_bytes" time="0.312" /><testcase classname="tests.test_iteration3" name="test_public_image_kitchen_returns_bytes" time="0.175" /><testcase classname="tests.test_iteration3" name="test_public_image_invalid_kind_returns_400" time="0.055" /><testcase classname="tests.test_iteration3" name="test_public_image_bogus_id_returns_404" time="0.046" /><testcase classname="tests.test_iteration3" name="test_visualization_doc_is_small" time="0.025" /><testcase classname="tests.test_iteration3" name="test_legacy_inline_image_served" time="0.098" /><testcase classname="tests.test_iteration3" name="test_public_stone_detail_active" time="0.047" /><testcase classname="tests.test_iteration3" name="test_public_stone_detail_bogus_returns_404" time="0.047" /><testcase classname="tests.test_iteration3" name="test_public_stone_detail_inactive_returns_404" time="0.499" /><testcase classname="tests.test_iteration3" name="test_regression_list_stones_auth" time="0.053" /><testcase classname="tests.test_iteration3" name="test_regression_admin_list_stones" time="0.047" /><testcase classname="tests.test_iteration3" name="test_regression_admin_list_quotes" time="0.048" /><testcase classname="tests.test_iteration3" name="test_regression_quote_create_no_auth" time="0.046" /><testcase classname="tests.test_iteration3" name="test_regression_purchase_methods[paypal]" time="0.047" /><testcase classname="tests.test_iteration3" name="test_regression_purchase_methods[apple_pay]" time="0.056" /><testcase classname="tests.test_iteration3" name="test_regression_purchase_methods[google_pay]" time="0.073" /></testsuite></testsuites>