<?xml version="1.0" encoding="utf-8"?><testsuites name="pytest tests"><testsuite name="pytest" errors="0" failures="0" skipped="0" tests="17" time="40.569" timestamp="2026-06-07T12:10:41.678943+00:00" hostname="agent-env-410b889e-00f3-4d98-a51b-2bfa139f4028"><testcase classname="backend.tests.test_rated_worktops" name="test_health" time="0.218" /><testcase classname="backend.tests.test_rated_worktops" name="test_admin_login" time="0.288" /><testcase classname="backend.tests.test_rated_worktops" name="test_register_returns_credits" time="0.281" /><testcase classname="backend.tests.test_rated_worktops" name="test_login_after_register" time="0.267" /><testcase classname="backend.tests.test_rated_worktops" name="test_login_invalid" time="0.079" /><testcase classname="backend.tests.test_rated_worktops" name="test_me" time="0.046" /><testcase classname="backend.tests.test_rated_worktops" name="test_me_unauthed" time="0.047" /><testcase classname="backend.tests.test_rated_worktops" name="test_list_stones" time="0.051" /><testcase classname="backend.tests.test_rated_worktops" name="test_add_custom_stone" time="0.092" /><testcase classname="backend.tests.test_rated_worktops" name="test_credits_endpoint" time="0.046" /><testcase classname="backend.tests.test_rated_worktops" name="test_purchase_credits_starter" time="0.049" /><testcase classname="backend.tests.test_rated_worktops" name="test_purchase_invalid_pack" time="0.048" /><testcase classname="backend.tests.test_rated_worktops" name="test_purchase_invalid_method" time="0.047" /><testcase classname="backend.tests.test_rated_worktops" name="test_visualize_core" time="9.784" /><testcase classname="backend.tests.test_rated_worktops" name="test_visualizations_list" time="0.094" /><testcase classname="backend.tests.test_rated_worktops" name="test_visualize_no_credits" time="28.996" /><testcase classname="backend.tests.test_rated_worktops" name="test_visualize_stone_not_found" time="0.044" /></testsuite></testsuites>