<?xml version="1.0" encoding="utf-8"?><testsuites name="pytest tests"><testsuite name="pytest" errors="0" failures="1" skipped="0" tests="16" time="12.918" timestamp="2026-06-07T14:45:49.409963+00:00" hostname="agent-env-410b889e-00f3-4d98-a51b-2bfa139f4028"><testcase classname="backend.tests.test_rated_worktops" name="test_health" time="0.170" /><testcase classname="backend.tests.test_rated_worktops" name="test_admin_login" time="0.284" /><testcase classname="backend.tests.test_rated_worktops" name="test_register_returns_credits" time="0.274" /><testcase classname="backend.tests.test_rated_worktops" name="test_login_after_register" time="0.270" /><testcase classname="backend.tests.test_rated_worktops" name="test_login_invalid" time="0.052" /><testcase classname="backend.tests.test_rated_worktops" name="test_me" time="0.047" /><testcase classname="backend.tests.test_rated_worktops" name="test_me_unauthed" time="0.045" /><testcase classname="backend.tests.test_rated_worktops" name="test_list_stones" time="0.050" /><testcase classname="backend.tests.test_rated_worktops" name="test_add_custom_stone" time="0.103" /><testcase classname="backend.tests.test_rated_worktops" name="test_credits_endpoint" time="0.084" /><testcase classname="backend.tests.test_rated_worktops" name="test_purchase_credits_starter" time="0.046"><failure message="assert 400 == 200&#10; +  where 400 = &lt;Response [400]&gt;.status_code">backend/tests/test_rated_worktops.py:143: in test_purchase_credits_starter
    assert r.status_code == 200
E   assert 400 == 200
E    +  where 400 = &lt;Response [400]&gt;.status_code</failure></testcase><testcase classname="backend.tests.test_rated_worktops" name="test_purchase_invalid_pack" time="0.047" /><testcase classname="backend.tests.test_rated_worktops" name="test_purchase_invalid_method" time="1.392" /><testcase classname="backend.tests.test_rated_worktops" name="test_visualize_core" time="9.790" /><testcase classname="backend.tests.test_rated_worktops" name="test_visualizations_list" time="0.095" /><testcase classname="backend.tests.test_rated_worktops" name="test_visualize_stone_not_found" time="0.052" /></testsuite></testsuites>